0 info it worked if it ends with ok
1 verbose cli [ 'node',
1 verbose cli   '/usr/local/bin/npm',
1 verbose cli   'publish',
1 verbose cli   '/Users/scotty/Develop/utilities/em',
1 verbose cli   '--tag',
1 verbose cli   '0.1.7' ]
2 info using npm@1.4.14
3 info using node@v0.10.29
4 verbose publish [ '/Users/scotty/Develop/utilities/em' ]
5 verbose cache add [ '/Users/scotty/Develop/utilities/em', null ]
6 verbose cache add name=undefined spec="/Users/scotty/Develop/utilities/em" args=["/Users/scotty/Develop/utilities/em",null]
7 verbose parsed url { protocol: null,
7 verbose parsed url   slashes: null,
7 verbose parsed url   auth: null,
7 verbose parsed url   host: null,
7 verbose parsed url   port: null,
7 verbose parsed url   hostname: null,
7 verbose parsed url   hash: null,
7 verbose parsed url   search: null,
7 verbose parsed url   query: null,
7 verbose parsed url   pathname: '/Users/scotty/Develop/utilities/em',
7 verbose parsed url   path: '/Users/scotty/Develop/utilities/em',
7 verbose parsed url   href: '/Users/scotty/Develop/utilities/em' }
8 silly lockFile 44a40a95-sers-scotty-Develop-utilities-em /Users/scotty/Develop/utilities/em
9 verbose lock /Users/scotty/Develop/utilities/em /Users/scotty/.npm/44a40a95-sers-scotty-Develop-utilities-em.lock
10 verbose tar pack [ '/Users/scotty/.npm/meteor-em/0.1.7/package.tgz',
10 verbose tar pack   '/Users/scotty/Develop/utilities/em' ]
11 verbose tarball /Users/scotty/.npm/meteor-em/0.1.7/package.tgz
12 verbose folder /Users/scotty/Develop/utilities/em
13 info prepublish meteor-em@0.1.7
14 silly lockFile 6fd955f7-sers-scotty-Develop-utilities-em tar:///Users/scotty/Develop/utilities/em
15 verbose lock tar:///Users/scotty/Develop/utilities/em /Users/scotty/.npm/6fd955f7-sers-scotty-Develop-utilities-em.lock
16 silly lockFile e3f23ab7--npm-meteor-em-0-1-7-package-tgz tar:///Users/scotty/.npm/meteor-em/0.1.7/package.tgz
17 verbose lock tar:///Users/scotty/.npm/meteor-em/0.1.7/package.tgz /Users/scotty/.npm/e3f23ab7--npm-meteor-em-0-1-7-package-tgz.lock
18 silly lockFile 6fd955f7-sers-scotty-Develop-utilities-em tar:///Users/scotty/Develop/utilities/em
19 silly lockFile 6fd955f7-sers-scotty-Develop-utilities-em tar:///Users/scotty/Develop/utilities/em
20 silly lockFile e3f23ab7--npm-meteor-em-0-1-7-package-tgz tar:///Users/scotty/.npm/meteor-em/0.1.7/package.tgz
21 silly lockFile e3f23ab7--npm-meteor-em-0-1-7-package-tgz tar:///Users/scotty/.npm/meteor-em/0.1.7/package.tgz
22 silly lockFile 92b2e17c-otty-npm-meteor-em-0-1-7-package /Users/scotty/.npm/meteor-em/0.1.7/package
23 verbose lock /Users/scotty/.npm/meteor-em/0.1.7/package /Users/scotty/.npm/92b2e17c-otty-npm-meteor-em-0-1-7-package.lock
24 silly lockFile 92b2e17c-otty-npm-meteor-em-0-1-7-package /Users/scotty/.npm/meteor-em/0.1.7/package
25 silly lockFile 92b2e17c-otty-npm-meteor-em-0-1-7-package /Users/scotty/.npm/meteor-em/0.1.7/package
26 silly lockFile 44a40a95-sers-scotty-Develop-utilities-em /Users/scotty/Develop/utilities/em
27 silly lockFile 44a40a95-sers-scotty-Develop-utilities-em /Users/scotty/Develop/utilities/em
28 silly publish { name: 'meteor-em',
28 silly publish   version: '0.1.7',
28 silly publish   description: 'A command line tool for scaffolding Meteor applications.',
28 silly publish   homepage: 'https://github.com/EventedMind/em',
28 silly publish   bugs:
28 silly publish    { url: 'https://github.com/EventedMind/em/issues',
28 silly publish      email: 'chris@eventedmind.com' },
28 silly publish   scripts: { test: 'echo "Error: no test specified" && exit 1' },
28 silly publish   author: { name: 'Chris Mather', email: 'chris@eventedmind.com' },
28 silly publish   license: 'MIT',
28 silly publish   dependencies:
28 silly publish    { 'cli-color': '0.2.3',
28 silly publish      minimist: '0.0.8',
28 silly publish      underscore: '1.3.3',
28 silly publish      'cli-table': '0.3.0',
28 silly publish      ejs: '0.8.5',
28 silly publish      fibers: '1.0.1',
28 silly publish      'single-line-log': '0.4.1' },
28 silly publish   bin: { em: './bin/em.js' },
28 silly publish   readme: '# em\n\nA command line scaffolding tool for Meteor applications. It automatically\ncreates project structure, files and boilerplate code. The project structure\nmimics that of the EventedMind publishing platform.\n\n## Installation\n\nInstall the em command line tool globally so you can use it from any project\ndirectory.\n\n```sh\n$ npm install -g meteor-em\n```\n\n## Pre-Reqs\n\nYou\'ll want to have [Iron Router](https://github.com/eventedmind/iron-router)\ninstalled. Also, this command line tool just handles scaffolding for now. `mrt`\nand `meteor` are different command line tools. Hopefully, sometime in the near\nfuture we can enhance the `meteor` command line tool to be pluggable!\n\n## Usage\n\nJust type ```em``` from the command line and you\'ll see the various top level\ncommands. Then type ```em generate``` or ```em g``` to see a list of generators.\n\nYou can initialize your project structure like this:\n\n```sh\n$ em init\n```\nA config file will be generated in your project — `.em/config.json`, and you will\nbe able to specify what types of files will be created for you when you generate\na view resource. You can also specify alternative file extensions, e.g. .jade, .sass, and .coffee:\n```json\n{\n  "view": {\n    "html": {\n      "create": true,\n      "extension": ".html"\n    },\n    "css": {\n      "create": true,\n      "extension": ".css"\n    },\n    "js": {\n      "create": true,\n      "extension": ".js"\n    }\n  }\n}\n\n```\n\nThen you can generate various resources. Here are a few examples:\n\n```sh\n$ em g:scaffold todos\n$ em g:view todos/todo_item\n$ em g:controller webhooks/stripe --where "server"\n$ em g:route todos/todo_show\n```\n\n## Contributing\n\nThis is an early alpha project and any thoughts and contributions are welcome.\n\n## License\nMIT\n',
28 silly publish   readmeFilename: 'README.md',
28 silly publish   gitHead: 'f8b917cf667922b3df7b1239ca40146f8f8b834f',
28 silly publish   _id: 'meteor-em@0.1.7',
28 silly publish   _shasum: '865b978c000fdad925b169c9d4e8b14476645b4b',
28 silly publish   _from: '/Users/scotty/Develop/utilities/em' }
29 verbose url raw meteor-em
30 verbose url resolving [ 'https://registry.npmjs.org/', './meteor-em' ]
31 verbose url resolved https://registry.npmjs.org/meteor-em
32 info trying registry request attempt 1 at 07:09:02
33 http PUT https://registry.npmjs.org/meteor-em
34 http 403 https://registry.npmjs.org/meteor-em
35 verbose headers { date: 'Thu, 24 Jul 2014 11:09:02 GMT',
35 verbose headers   server: 'CouchDB/1.5.0 (Erlang OTP/R14B04)',
35 verbose headers   'content-type': 'application/json',
35 verbose headers   'cache-control': 'max-age=60',
35 verbose headers   'content-length': '255',
35 verbose headers   'accept-ranges': 'bytes',
35 verbose headers   via: '1.1 varnish',
35 verbose headers   'x-served-by': 'cache-iad2132-IAD',
35 verbose headers   'x-cache': 'MISS',
35 verbose headers   'x-cache-hits': '0',
35 verbose headers   'x-timer': 'S1406200142.549301,VS0,VE392',
35 verbose headers   'keep-alive': 'timeout=10, max=50',
35 verbose headers   connection: 'Keep-Alive' }
36 error publish Failed PUT 403
37 error Error: forbidden user: scottm30 not authorized to modify meteor-em
37 error Added: dist-tags.0.1.7
37 error Added: versions.0.1.7
37 error Changed: time.modified "2014-07-22T04:36:18.981Z" -> "2014-07-24T11:08:07.408Z"
37 error Added: time.0.1.7
37 error Added: _attachments: meteor-em
37 error     at RegClient.<anonymous> (/usr/local/lib/node_modules/npm/node_modules/npm-registry-client/lib/request.js:274:14)
37 error     at Request._callback (/usr/local/lib/node_modules/npm/node_modules/npm-registry-client/lib/request.js:212:65)
37 error     at Request.self.callback (/usr/local/lib/node_modules/npm/node_modules/request/request.js:123:22)
37 error     at Request.emit (events.js:98:17)
37 error     at Request.<anonymous> (/usr/local/lib/node_modules/npm/node_modules/request/request.js:893:14)
37 error     at Request.emit (events.js:117:20)
37 error     at IncomingMessage.<anonymous> (/usr/local/lib/node_modules/npm/node_modules/request/request.js:844:12)
37 error     at IncomingMessage.emit (events.js:117:20)
37 error     at _stream_readable.js:929:16
37 error     at process._tickCallback (node.js:419:13)
38 error If you need help, you may report this *entire* log,
38 error including the npm and node versions, at:
38 error     <http://github.com/npm/npm/issues>
39 error System Darwin 14.0.0
40 error command "node" "/usr/local/bin/npm" "publish" "/Users/scotty/Develop/utilities/em" "--tag" "0.1.7"
41 error cwd /Users/scotty/Develop/utilities/em
42 error node -v v0.10.29
43 error npm -v 1.4.14
44 verbose exit [ 1, true ]
